IQ-TREE multicore version 1.6.12 for Linux 64-bit built Aug 15 2019
Developed by Bui Quang Minh, Nguyen Lam Tung, Olga Chernomor,
Heiko Schmidt, Dominik Schrempf, Michael Woodhams.

Host:    d1-17.compute.lan (AVX2, FMA3, 503 GB RAM)
Command: /scratch/noahaus/bov_pangen_reservoirs/softwares/iqtree/iqtree-1.6.12-Linux/bin/iqtree -s mbov_snp.fasta -m MFP -nt 15 -bb 1000 -pre mbov_align -o LT708304.1
Seed:    427901 (Using SPRNG - Scalable Parallel Random Number Generator)
Time:    Wed Aug 18 16:00:27 2021
Kernel:  AVX+FMA - 15 threads (32 CPU cores detected)

Reading alignment file mbov_snp.fasta ... Fasta format detected
Alignment most likely contains DNA/RNA sequences
Alignment has 701 sequences with 9167 columns, 5037 distinct patterns
4190 parsimony-informative, 4977 singleton sites, 0 constant sites
            Gap/Ambiguity  Composition  p-value
   1  LT708304.1    0.00%    passed     99.98%
   2  SRR5817693    0.00%    passed     97.79%
   3  SRX2526900    0.00%    passed     95.95%
   4  SRX2526901    0.00%    passed     99.37%
   5  SRX2526902    0.00%    passed     98.47%
   6  SRX2526903    0.00%    passed     98.30%
   7  SRX2526904    0.00%    passed     93.05%
   8  SRX2526905    0.00%    passed     97.98%
   9  SRX2526906    0.00%    passed     81.78%
  10  SRX2526907    0.00%    passed     97.51%
  11  SRX2526908    0.00%    passed     95.71%
  12  SRX2526909    0.00%    passed     97.16%
  13  SRX2526910    0.00%    passed     97.55%
  14  SRX2526911    0.00%    passed     92.70%
  15  SRX2526912    0.00%    passed     94.65%
  16  SRX2526913    0.00%    passed     99.57%
  17  SRX2526914    0.00%    passed     96.89%
  18  SRX2526915    0.00%    passed     99.77%
  19  SRX2526916    0.00%    passed     97.35%
  20  SRX2526917    0.00%    passed     98.34%
  21  SRX2526918    0.00%    passed     95.63%
  22  SRX2526919    0.00%    passed     97.01%
  23  SRX2526920    0.00%    passed     91.71%
  24  SRX2526921    0.00%    passed     99.26%
  25  SRX2526922    0.00%    passed     98.55%
  26  SRX2526923    0.00%    passed     94.75%
  27  SRX2526924    0.00%    passed     98.52%
  28  SRX2526925    0.00%    passed     98.42%
  29  SRX2526926    0.00%    passed     93.49%
  30  SRX2526927    0.00%    passed     88.00%
  31  SRX2526928    0.00%    passed     94.63%
  32  SRX2526929    0.00%    passed     97.83%
  33  SRX2526930    0.00%    passed     98.51%
  34  SRX2526931    0.00%    passed     95.40%
  35  SRX2526932    0.00%    passed     98.73%
  36  SRX2526933    0.00%    passed     93.61%
  37  SRX2526934    0.00%    passed     93.96%
  38  SRX2526935    0.00%    passed     98.67%
  39  SRX2526936    0.00%    passed     82.25%
  40  SRX2526937    0.00%    passed     98.26%
  41  SRX2526938    0.00%    passed     93.06%
  42  SRX2526939    0.00%    passed     98.70%
  43  SRX2526940    0.00%    passed     98.95%
  44  SRX2526941    0.00%    passed     98.74%
  45  SRX2526942    0.00%    passed     97.96%
  46  SRX2526943    0.00%    passed     96.83%
  47  SRX2526944    0.00%    passed     95.76%
  48  SRX2526945    0.00%    passed     95.53%
  49  SRX2526946    0.00%    passed     96.91%
  50  SRX2526947    0.00%    passed     95.82%
  51  SRX2526948    0.00%    passed     99.54%
  52  SRX2526949    0.00%    passed     96.37%
  53  SRX2526950    0.00%    passed     98.80%
  54  SRX2526951    0.00%    passed     95.85%
  55  SRX2526952    0.00%    passed     99.62%
  56  SRX2526953    0.00%    passed     98.81%
  57  SRX2526954    0.00%    passed     98.14%
  58  SRX2526955    0.00%    passed     84.64%
  59  SRX2526956    0.00%    passed     97.03%
  60  SRX2526957    0.00%    passed     96.99%
  61  SRX2526958    0.00%    passed     98.29%
  62  SRX2526959    0.00%    passed     93.65%
  63  SRX2526960    0.00%    passed     98.50%
  64  SRX2526961    0.00%    passed     99.98%
  65  SRX2526962    0.00%    passed     96.90%
  66  SRX2526963    0.00%    passed     92.36%
  67  SRX2526964    0.00%    passed     99.08%
  68  SRX2526965    0.00%    passed     98.75%
  69  SRX2526966    0.00%    passed     91.32%
  70  SRX2526967    0.00%    passed     90.02%
  71  SRX2526968    0.00%    passed     99.88%
  72  SRX2526969    0.00%    passed     88.49%
  73  SRX2526970    0.00%    passed     94.46%
  74  SRX2526971    0.00%    passed     97.30%
  75  SRX2526972    0.00%    passed     98.32%
  76  SRX2526973    0.00%    passed     94.85%
  77  SRX2526974    0.00%    passed     99.77%
  78  SRX2526975    0.00%    passed     89.97%
  79  SRX2526976    0.00%    passed     97.68%
  80  SRX2526977    0.00%    passed     98.03%
  81  SRX2526978    0.00%    passed     93.82%
  82  SRX2526980    0.00%    passed     62.28%
  83  SRX2526981    0.00%    passed     98.70%
  84  SRX2526982    0.00%    passed     97.76%
  85  SRX2526983    0.00%    passed     97.97%
  86  SRX2526984    0.00%    passed     97.01%
  87  SRX2526985    0.00%    passed     92.51%
  88  SRX2526986    0.00%    passed     88.99%
  89  SRX2526987    0.00%    passed     91.30%
  90  SRX2526988    0.00%    passed     92.12%
  91  SRX2526989    0.00%    passed     95.14%
  92  SRX2526990    0.00%    passed     96.19%
  93  SRX2526991    0.00%    passed     97.85%
  94  SRX2526992    0.00%    passed     96.63%
  95  SRX2526993    0.00%    passed     97.49%
  96  SRX2526994    0.00%    passed     94.02%
  97  SRX2526995    0.00%    passed     89.09%
  98  SRX2526996    0.00%    passed     97.40%
  99  SRX2526997    0.00%    passed     98.35%
 100  SRX2526998    0.00%    passed     95.27%
 101  SRX2526999    0.00%    passed     96.34%
 102  SRX2527000    0.00%    passed     98.95%
 103  SRX2527001    0.00%    passed     97.89%
 104  SRX2527002    0.00%    passed     81.32%
 105  SRX2527003    0.00%    passed     99.85%
 106  SRX2527004    0.00%    passed     97.80%
 107  SRX2527005    0.00%    passed     94.25%
 108  SRX2527006    0.00%    passed     98.80%
 109  SRX2527007    0.00%    passed     97.80%
 110  SRX2527008    0.00%    passed     97.61%
 111  SRX2527009    0.00%    passed     97.24%
 112  SRX2527010    0.00%    passed     93.94%
 113  SRX2527011    0.00%    passed     97.20%
 114  SRX2527012    0.00%    passed     93.87%
 115  SRX2527013    0.00%    passed     98.53%
 116  SRX2527014    0.00%    passed     97.38%
 117  SRX2527015    0.00%    passed     96.16%
 118  SRX2527016    0.00%    passed     95.38%
 119  SRX2527017    0.00%    passed     95.52%
 120  SRX2527018    0.00%    passed     98.52%
 121  SRX2527019    0.00%    passed     96.05%
 122  SRX2527020    0.00%    passed     91.91%
 123  SRX2527021    0.00%    passed     96.79%
 124  SRX2527022    0.00%    passed     94.87%
 125  SRX2527023    0.00%    passed     80.62%
 126  SRX2527024    0.00%    passed     99.13%
 127  SRX2527025    0.00%    passed     99.57%
 128  SRX2527026    0.00%    passed     94.57%
 129  SRX2527027    0.00%    passed     98.87%
 130  SRX2527028    0.00%    passed     97.10%
 131  SRX2527029    0.00%    passed     97.15%
 132  SRX2527030    0.00%    passed     99.54%
 133  SRX2527031    0.00%    passed     98.78%
 134  SRX2527032    0.00%    passed     87.94%
 135  SRX2527033    0.00%    passed     94.57%
 136  SRX2527034    0.00%    passed     98.91%
 137  SRX2527035    0.00%    passed     99.49%
 138  SRX2527036    0.00%    passed     93.70%
 139  SRX2527037    0.00%    passed     97.22%
 140  SRX2527038    0.00%    passed     98.58%
 141  SRX2527039    0.00%    passed     99.56%
 142  SRX2527040    0.00%    passed     98.03%
 143  SRX2527041    0.00%    passed     95.75%
 144  SRX2527042    0.00%    passed     98.85%
 145  SRX2527043    0.00%    passed     97.17%
 146  SRX2527044    0.00%    passed     93.53%
 147  SRX2527045    0.00%    passed     97.62%
 148  SRX2527046    0.00%    passed     98.02%
 149  SRX2527047    0.00%    passed     99.59%
 150  SRX2527048    0.00%    passed     98.84%
 151  SRX2527049    0.00%    passed     98.07%
 152  SRX2527050    0.00%    passed     95.54%
 153  SRX2527051    0.00%    passed     99.24%
 154  SRX2527052    0.00%    passed     99.28%
 155  SRX2527053    0.00%    passed     99.69%
 156  SRX2527054    0.00%    passed     98.89%
 157  SRX2527055    0.00%    passed     98.25%
 158  SRX2527056    0.00%    passed     95.97%
 159  SRX2527057    0.00%    passed     99.01%
 160  SRX2527058    0.00%    passed     99.26%
 161  SRX2527059    0.00%    passed     99.92%
 162  SRX2527060    0.00%    passed     99.24%
 163  SRX2527061    0.00%    passed     95.33%
 164  SRX2527062    0.00%    passed     97.95%
 165  SRX2527063    0.00%    passed     99.83%
 166  SRX2527064    0.00%    passed     97.59%
 167  SRX2527065    0.00%    passed     99.42%
 168  SRX2527066    0.00%    passed     88.30%
 169  SRX2527067    0.00%    passed     90.08%
 170  SRX2527068    0.00%    passed     96.59%
 171  SRX2527069    0.00%    passed     99.32%
 172  SRX2527070    0.00%    passed     95.91%
 173  SRX2527071    0.00%    passed     96.57%
 174  SRX2527072    0.00%    passed     99.42%
 175  SRX2527073    0.00%    passed     91.08%
 176  SRX2527074    0.00%    passed     89.62%
 177  SRX2527075    0.00%    passed     97.44%
 178  SRX2527076    0.00%    passed     93.56%
 179  SRX2527077    0.00%    passed     97.31%
 180  SRX2527078    0.00%    passed     80.09%
 181  SRX2527079    0.00%    passed     97.07%
 182  SRX2527080    0.00%    passed     94.75%
 183  SRX2527081    0.00%    passed     99.43%
 184  SRX2527082    0.00%    passed     96.49%
 185  SRX2527083    0.00%    passed     99.91%
 186  SRX2527084    0.00%    passed     89.82%
 187  SRX2527085    0.00%    passed     98.39%
 188  SRX2527086    0.00%    passed     95.94%
 189  SRX2527087    0.00%    passed     95.86%
 190  SRX2527088    0.00%    passed     98.14%
 191  SRX2527089    0.00%    passed     82.99%
 192  SRX2527090    0.00%    passed     98.09%
 193  SRX2527091    0.00%    passed     96.73%
 194  SRX2527092    0.00%    passed     98.77%
 195  SRX2527093    0.00%    passed     98.46%
 196  SRX2527094    0.00%    passed     96.53%
 197  SRX2527095    0.00%    passed     97.39%
 198  SRX2527096    0.00%    passed     98.19%
 199  SRX2527097    0.00%    passed     92.92%
 200  SRX2527098    0.00%    passed     92.21%
 201  SRX2527099    0.00%    passed     99.82%
 202  SRX2527100    0.00%    passed     98.15%
 203  SRX2527101    0.00%    passed     91.87%
 204  SRX2527102    0.00%    passed     99.17%
 205  SRX2527103    0.00%    passed     97.17%
 206  SRX2527104    0.00%    passed     94.00%
 207  SRX2527105    0.00%    passed     86.88%
 208  SRX2527106    0.00%    passed     94.47%
 209  SRX2527107    0.00%    passed     79.41%
 210  SRX2527108    0.00%    passed     97.91%
 211  SRX2527109    0.00%    passed     98.80%
 212  SRX2527110    0.00%    passed     95.06%
 213  SRX2527111    0.00%    passed     76.27%
 214  SRX2527112    0.00%    passed     98.88%
 215  SRX2527113    0.00%    passed     97.84%
 216  SRX2527114    0.00%    passed     98.83%
 217  SRX2527115    0.00%    passed     96.29%
 218  SRX2527116    0.00%    passed     94.17%
 219  SRX2527118    0.00%    passed     99.86%
 220  SRX2527119    0.00%    passed     97.45%
 221  SRX2527120    0.00%    passed     98.62%
 222  SRX2527121    0.00%    passed     98.77%
 223  SRX2527122    0.00%    passed     96.09%
 224  SRX2527123    0.00%    passed     99.21%
 225  SRX2527124    0.00%    passed     99.00%
 226  SRX2527125    0.00%    passed     93.93%
 227  SRX2527126    0.00%    passed     97.45%
 228  SRX2527127    0.00%    passed     99.92%
 229  SRX2527128    0.00%    passed     97.71%
 230  SRX2527129    0.00%    passed     95.69%
 231  SRX2527130    0.00%    passed     87.95%
 232  SRX2527132    0.00%    passed     88.02%
 233  SRX2527133    0.00%    passed     98.47%
 234  SRX2527134    0.00%    passed     86.23%
 235  SRX2527135    0.00%    passed     93.34%
 236  SRX2527136    0.00%    passed     97.93%
 237  SRX2527137    0.00%    passed     99.01%
 238  SRX2527138    0.00%    passed     97.39%
 239  SRX2527139    0.00%    passed     99.18%
 240  SRX2527140    0.00%    passed     81.33%
 241  SRX2527141    0.00%    passed     83.17%
 242  SRX2527142    0.00%    passed     94.49%
 243  SRX2527143    0.00%    passed     99.09%
 244  SRX2527144    0.00%    passed     99.19%
 245  SRX2527145    0.00%    passed     92.98%
 246  SRX2527146    0.00%    passed     97.27%
 247  SRX2527147    0.00%    passed     99.74%
 248  SRX2527148    0.00%    passed     96.99%
 249  SRX2527149    0.00%    passed     99.20%
 250  SRX2527150    0.00%    passed     97.24%
 251  SRX2527151    0.00%    passed     97.45%
 252  SRX2527152    0.00%    passed     81.76%
 253  SRX2527153    0.00%    passed     98.99%
 254  SRX2527154    0.00%    passed     98.31%
 255  SRX2527155    0.00%    passed     99.33%
 256  SRX2527156    0.00%    passed     97.52%
 257  SRX2527157    0.00%    passed     98.24%
 258  SRX2527158    0.00%    passed     91.90%
 259  SRX2527159    0.00%    passed     99.27%
 260  SRX2527160    0.00%    passed     98.95%
 261  SRX2527161    0.00%    passed     97.68%
 262  SRX2527162    0.00%    passed     97.96%
 263  SRX2527163    0.00%    passed     96.22%
 264  SRX2527164    0.00%    passed     94.27%
 265  SRX2527165    0.00%    passed     96.27%
 266  SRX2527166    0.00%    passed     99.27%
 267  SRX2527167    0.00%    passed     98.98%
 268  SRX2527168    0.00%    passed     99.44%
 269  SRX2527169    0.00%    passed     96.85%
 270  SRX2527170    0.00%    passed     96.43%
 271  SRX2527171    0.00%    passed     98.50%
 272  SRX2527172    0.00%    passed     99.45%
 273  SRX2527173    0.00%    passed     96.02%
 274  SRX2527174    0.00%    passed     98.83%
 275  SRX2527175    0.00%    passed     98.93%
 276  SRX2527176    0.00%    passed     97.98%
 277  SRX2527177    0.00%    passed     99.24%
 278  SRX2527178    0.00%    passed     90.45%
 279  SRX2527179    0.00%    passed     93.59%
 280  SRX2527180    0.00%    passed     95.59%
 281  SRX2527181    0.00%    passed     98.01%
 282  SRX2527182    0.00%    passed     95.01%
 283  SRX2527183    0.00%    passed     76.64%
 284  SRX2527184    0.00%    passed     78.17%
 285  SRX2527185    0.00%    passed     97.64%
 286  SRX2527186    0.00%    passed     98.04%
 287  SRX2527187    0.00%    passed     97.43%
 288  SRX2527188    0.00%    passed     97.64%
 289  SRX2527189    0.00%    passed     98.48%
 290  SRX2527190    0.00%    passed     98.02%
 291  SRX2527191    0.00%    passed     96.72%
 292  SRX2527192    0.00%    passed     93.17%
 293  SRX2527193    0.00%    passed     99.76%
 294  SRX2527194    0.00%    passed     94.87%
 295  SRX2527195    0.00%    passed     96.57%
 296  SRX2995962    0.00%    passed     97.29%
 297  SRX2995963    0.00%    passed     92.39%
 298  SRX2995964    0.00%    passed     92.88%
 299  SRX2995965    0.00%    passed     97.71%
 300  SRX2995966    0.00%    passed     96.89%
 301  SRX2995967    0.00%    passed     97.57%
 302  SRX2995968    0.00%    passed     97.22%
 303  SRX2995969    0.00%    passed     98.26%
 304  SRX2995970    0.00%    passed     98.00%
 305  SRX2995972    0.00%    passed     95.45%
 306  SRX2995973    0.00%    passed     97.31%
 307  SRX2995974    0.00%    passed     98.83%
 308  SRX2995975    0.00%    passed     96.98%
 309  SRX2995976    0.00%    passed     97.25%
 310  SRX2995977    0.00%    passed     98.92%
 311  SRX2995978    0.00%    passed     98.13%
 312  SRX2995979    0.00%    passed     95.04%
 313  SRX2995980    0.00%    passed     94.07%
 314  SRX2995981    0.00%    passed     89.56%
 315  SRX2995983    0.00%    passed     97.22%
 316  SRX2995984    0.00%    passed     98.32%
 317  SRX2995985    0.00%    passed     95.96%
 318  SRX2995986    0.00%    passed     98.85%
 319  SRX2995987    0.00%    passed     97.93%
 320  SRX2995988    0.00%    passed     98.62%
 321  SRX2995990    0.00%    passed     96.39%
 322  SRX2995991    0.00%    passed     97.84%
 323  SRX2995992    0.00%    passed     97.20%
 324  SRX2995993    0.00%    passed     93.08%
 325  SRX2995994    0.00%    passed     93.99%
 326  SRX2995995    0.00%    passed     96.55%
 327  SRX2995996    0.00%    passed     96.62%
 328  SRX2995997    0.00%    passed     95.62%
 329  SRX2995998    0.00%    passed     96.23%
 330  SRX2995999    0.00%    passed     92.98%
 331  SRX2996000    0.00%    passed     95.96%
 332  SRX2996001    0.00%    passed     95.68%
 333  SRX2996002    0.00%    passed     95.57%
 334  SRX2996003    0.00%    passed     96.49%
 335  SRX2996004    0.00%    passed     98.24%
 336  SRX2996005    0.00%    passed     94.39%
 337  SRX2996006    0.00%    passed     97.39%
 338  SRX2996007    0.00%    passed     97.83%
 339  SRX2996008    0.00%    passed     98.97%
 340  SRX2996009    0.00%    passed     96.98%
 341  SRX2996010    0.00%    passed     97.77%
 342  SRX2996011    0.00%    passed     97.00%
 343  SRX2996012    0.00%    passed     98.41%
 344  SRX2996013    0.00%    passed     94.29%
 345  SRX2996014    0.00%    passed     97.08%
 346  SRX4901471    0.00%    passed     98.10%
 347  SRX4901472    0.00%    passed     92.55%
 348  SRX4901473    0.00%    passed     96.67%
 349  SRX4901474    0.00%    passed     93.34%
 350  SRX4901475    0.00%    passed     93.37%
 351  SRX4901476    0.00%    passed     96.59%
 352  SRX4901477    0.00%    passed     95.62%
 353  SRX4901478    0.00%    passed     93.61%
 354  SRX4901479    0.00%    passed     96.42%
 355  SRX4901480    0.00%    passed     95.50%
 356  SRX4901481    0.00%    passed     92.58%
 357  SRX4901482    0.00%    passed     95.89%
 358  SRX4901483    0.00%    passed     93.14%
 359  SRX4901484    0.00%    passed     92.34%
 360  SRX4901485    0.00%    passed     98.12%
 361  SRX4901486    0.00%    passed     97.63%
 362  SRX4901487    0.00%    passed     94.87%
 363  SRX4901488    0.00%    passed     96.38%
 364  SRX4901489    0.00%    passed     94.98%
 365  SRX4901490    0.00%    passed     94.09%
 366  SRX4901492    0.00%    passed     92.68%
 367  SRX4901493    0.00%    passed     95.55%
 368  SRX4901494    0.00%    passed     95.18%
 369  SRX4901495    0.00%    passed     97.81%
 370  SRX4901496    0.00%    passed     97.60%
 371  SRX4901497    0.00%    passed     94.96%
 372  SRX4901498    0.00%    passed     97.63%
 373  SRX4901499    0.00%    passed     94.15%
 374  SRX4901500    0.00%    passed     97.94%
 375  SRX4901501    0.00%    passed     89.45%
 376  SRX4901502    0.00%    passed     93.61%
 377  SRX4901503    0.00%    passed     95.63%
 378  SRX4901504    0.00%    passed     93.37%
 379  SRX4901505    0.00%    passed     99.06%
 380  SRX4901506    0.00%    passed     96.09%
 381  SRX4901507    0.00%    passed     98.53%
 382  SRX4901508    0.00%    passed     95.17%
 383  SRX4901509    0.00%    passed     97.62%
 384  SRX4901510    0.00%    passed     93.50%
 385  SRX4901511    0.00%    passed     94.53%
 386  SRX4901512    0.00%    passed     97.04%
 387  SRX4901513    0.00%    passed     94.53%
 388  SRX4901514    0.00%    passed     98.15%
 389  SRX4901515    0.00%    passed     98.39%
 390  SRX4901516    0.00%    passed     96.76%
 391  SRX4901517    0.00%    passed     97.50%
 392  SRX4901518    0.00%    passed     98.23%
 393  SRX4901519    0.00%    passed     96.71%
 394  SRX4901520    0.00%    passed     95.93%
 395  SRX4901521    0.00%    passed     96.62%
 396  SRX4901522    0.00%    passed     94.02%
 397  SRX4901523    0.00%    passed     94.43%
 398  SRX4901524    0.00%    passed     96.78%
 399  SRX4901525    0.00%    passed     98.44%
 400  SRX4901526    0.00%    passed     96.38%
 401  SRX4901527    0.00%    passed     97.37%
 402  SRX4901528    0.00%    passed     95.43%
 403  SRX4901529    0.00%    passed     98.88%
 404  SRX4901530    0.00%    passed     97.04%
 405  SRX4901531    0.00%    passed     95.54%
 406  SRX4901532    0.00%    passed     92.02%
 407  SRX4901533    0.00%    passed     93.79%
 408  SRX4901534    0.00%    passed     98.53%
 409  SRX4901535    0.00%    passed     97.76%
 410  SRX4901536    0.00%    passed     93.70%
 411  SRX4901537    0.00%    passed     98.74%
 412  SRX4901538    0.00%    passed     99.10%
 413  SRX4901539    0.00%    passed     92.66%
 414  SRX4901540    0.00%    passed     96.30%
 415  SRX4901541    0.00%    passed     96.56%
 416  SRX4901542    0.00%    passed     96.64%
 417  SRX4901543    0.00%    passed     96.15%
 418  SRX4901544    0.00%    passed     94.05%
 419  SRX4901545    0.00%    passed     98.21%
 420  SRX4901547    0.00%    passed     96.82%
 421  SRX4901548    0.00%    passed     88.84%
 422  SRX4901549    0.00%    passed     95.80%
 423  SRX4901550    0.00%    passed     97.43%
 424  SRX4901551    0.00%    passed     94.84%
 425  SRX5399999    0.00%    passed     98.38%
 426  SRX5400000    0.00%    passed     97.68%
 427  SRX5400001    0.00%    passed     96.95%
 428  SRX5400002    0.00%    passed     99.12%
 429  SRX5400003    0.00%    passed     98.45%
 430  SRX5400004    0.00%    passed     97.73%
 431  SRX5400006    0.00%    passed     97.40%
 432  SRX5400007    0.00%    passed     98.89%
 433  SRX5400008    0.00%    passed     98.98%
 434  SRX5400009    0.00%    passed     99.35%
 435  SRX5400010    0.00%    passed     98.39%
 436  SRX5400011    0.00%    passed     97.85%
 437  SRX5400012    0.00%    passed     99.93%
 438  SRX5400013    0.00%    passed     99.05%
 439  SRX5400014    0.00%    passed     98.68%
 440  SRX5400015    0.00%    passed     99.34%
 441  SRX5400016    0.00%    passed     98.99%
 442  SRX5400017    0.00%    passed     98.45%
 443  SRX5400018    0.00%    passed     98.63%
 444  SRX5400019    0.00%    passed     97.89%
 445  SRX5400020    0.00%    passed     98.11%
 446  SRX5400021    0.00%    passed     99.25%
 447  SRX5400022    0.00%    passed     98.81%
 448  SRX5400023    0.00%    passed     98.46%
 449  SRX5400024    0.00%    passed     99.19%
 450  SRX5400025    0.00%    passed     99.04%
 451  SRX5400028    0.00%    passed     98.05%
 452  SRX5400029    0.00%    passed     98.10%
 453  SRX5400030    0.00%    passed     98.99%
 454  SRX5400031    0.00%    passed     99.63%
 455  SRX5400032    0.00%    passed     99.28%
 456  SRX5400033    0.00%    passed     98.62%
 457  SRX5400034    0.00%    passed     99.17%
 458  SRX5400036    0.00%    passed     98.96%
 459  SRX5400038    0.00%    passed     98.88%
 460  SRX5400039    0.00%    passed     99.19%
 461  SRX5400040    0.00%    passed     99.57%
 462  SRX5400041    0.00%    passed     99.69%
 463  SRX5400042    0.00%    passed     97.85%
 464  SRX5400043    0.00%    passed     98.24%
 465  SRX5400044    0.00%    passed     99.58%
 466  SRX5400045    0.00%    passed     99.24%
 467  SRX5400046    0.00%    passed     99.85%
 468  SRX5400047    0.00%    passed     99.95%
 469  SRX5400048    0.00%    passed     99.69%
 470  SRX5400050    0.00%    passed     98.32%
 471  SRX5400051    0.00%    passed     98.62%
 472  SRX5400052    0.00%    passed     97.39%
 473  SRX5400053    0.00%    passed     99.27%
 474  SRX5400054    0.00%    passed     99.36%
 475  SRX5400055    0.00%    passed     99.54%
 476  SRX5400056    0.00%    passed     97.93%
 477  SRX5400057    0.00%    passed     99.25%
 478  SRX5400059    0.00%    passed     99.89%
 479  SRX5400063    0.00%    passed     99.48%
 480  SRX5400068    0.00%    passed     97.96%
 481  SRX5400069    0.00%    passed     99.00%
 482  SRX5400070    0.00%    passed     99.53%
 483  SRX5400071    0.00%    passed     98.95%
 484  SRX5400072    0.00%    passed     98.55%
 485  SRX5400075    0.00%    passed     99.27%
 486  SRX5400077    0.00%    passed     98.17%
 487  SRX5400078    0.00%    passed     98.51%
 488  SRX5400079    0.00%    passed     98.67%
 489  SRX5400080    0.00%    passed     97.58%
 490  SRX5400082    0.00%    passed     99.21%
 491  SRX5400083    0.00%    passed     99.85%
 492  SRX5400084    0.00%    passed     99.89%
 493  SRX5400087    0.00%    passed     99.95%
 494  SRX5400089    0.00%    passed     99.31%
 495  SRX5400090    0.00%    passed     98.11%
 496  SRX5400091    0.00%    passed     99.31%
 497  SRX5400092    0.00%    passed     98.95%
 498  SRX5400093    0.00%    passed     97.72%
 499  SRX5400094    0.00%    passed     99.92%
 500  SRX5400095    0.00%    passed     99.53%
 501  SRX5400096    0.00%    passed     99.78%
 502  SRX5400097    0.00%    passed     99.67%
 503  SRX5400098    0.00%    passed     98.80%
 504  SRX5400099    0.00%    passed     98.06%
 505  SRX5400100    0.00%    passed     99.28%
 506  SRX5400101    0.00%    passed     98.43%
 507  SRX5400102    0.00%    passed     99.25%
 508  SRX5400104    0.00%    passed     98.28%
 509  SRX5400105    0.00%    passed     99.37%
 510  SRX5400106    0.00%    passed     98.07%
 511  SRX5400107    0.00%    passed     99.04%
 512  SRX5400109    0.00%    passed     99.68%
 513  SRX5400111    0.00%    passed     99.38%
 514  SRX5400112    0.00%    passed     97.01%
 515  SRX5400113    0.00%    passed     98.35%
 516  SRX5400114    0.00%    passed     97.85%
 517  SRX5400115    0.00%    passed     98.46%
 518  SRX5400119    0.00%    passed     97.31%
 519  SRX5400120    0.00%    passed     99.92%
 520  SRX5400121    0.00%    passed     99.97%
 521  SRX5400122    0.00%    passed     98.42%
 522  SRX5400123    0.00%    passed     98.61%
 523  SRX5400124    0.00%    passed     97.37%
 524  SRX5400125    0.00%    passed     99.17%
 525  SRX5400126    0.00%    passed     99.06%
 526  SRX5400128    0.00%    passed     99.94%
 527  SRX5400129    0.00%    passed     99.74%
 528  SRX5400130    0.00%    passed     97.35%
 529  SRX5400131    0.00%    passed     98.11%
 530  SRX5400133    0.00%    passed     99.27%
 531  SRX5400134    0.00%    passed     98.28%
 532  SRX5400135    0.00%    passed     97.84%
 533  SRX5400136    0.00%    passed     97.40%
 534  SRX5400137    0.00%    passed     98.76%
 535  SRX5400138    0.00%    passed     98.73%
 536  SRX5400139    0.00%    passed     99.04%
 537  SRX5400140    0.00%    passed     98.23%
 538  SRX5400141    0.00%    passed     98.42%
 539  SRX5400142    0.00%    passed     99.06%
 540  SRX5400145    0.00%    passed     98.95%
 541  SRX5400146    0.00%    passed     98.13%
 542  SRX5400147    0.00%    passed     98.49%
 543  SRX5400153    0.00%    passed     98.03%
 544  SRX5400154    0.00%    passed     98.62%
 545  SRX5400155    0.00%    passed     99.38%
 546  SRX5400156    0.00%    passed     98.22%
 547  SRX5400157    0.00%    passed     98.74%
 548  SRX5400158    0.00%    passed     98.62%
 549  SRX5400159    0.00%    passed     99.67%
 550  SRX5400160    0.00%    passed     98.03%
 551  SRX5400161    0.00%    passed     98.80%
 552  SRX5400162    0.00%    passed     99.42%
 553  SRX5400167    0.00%    passed     99.02%
 554  SRX5400169    0.00%    passed     98.66%
 555  SRX5400170    0.00%    passed     99.02%
 556  SRX5400171    0.00%    passed     99.48%
 557  SRX5400172    0.00%    passed     99.50%
 558  SRX5400174    0.00%    passed     99.57%
 559  SRX5400175    0.00%    passed     99.92%
 560  SRX5400176    0.00%    passed     99.24%
 561  SRX5400177    0.00%    passed     99.94%
 562  SRX5400178    0.00%    passed     99.70%
 563  SRX5400179    0.00%    passed     99.70%
 564  SRX5400180    0.00%    passed     99.74%
 565  SRX5400181    0.00%    passed     99.23%
 566  SRX5400182    0.00%    passed     99.74%
 567  SRX5400183    0.00%    passed     98.47%
 568  SRX5400184    0.00%    passed     98.80%
 569  SRX5400185    0.00%    passed     99.48%
 570  SRX5400186    0.00%    passed     99.28%
 571  SRX5400187    0.00%    passed     98.68%
 572  SRX5400188    0.00%    passed     97.58%
 573  SRX5400189    0.00%    passed     98.26%
 574  SRX5400190    0.00%    passed     99.26%
 575  SRX5400191    0.00%    passed     97.47%
 576  SRX5400192    0.00%    passed     98.42%
 577  SRX5400193    0.00%    passed     99.13%
 578  SRX5400194    0.00%    passed     98.26%
 579  SRX5400196    0.00%    passed     99.36%
 580  SRX5400197    0.00%    passed     98.01%
 581  SRX5400199    0.00%    passed     99.63%
 582  SRX5400201    0.00%    passed     98.75%
 583  SRX5400202    0.00%    passed     99.56%
 584  SRX5400204    0.00%    passed     99.39%
 585  SRX5400206    0.00%    passed     99.13%
 586  SRX5400207    0.00%    passed     99.65%
 587  SRX5400209    0.00%    passed     99.02%
 588  SRX5400210    0.00%    passed     97.55%
 589  SRX5400211    0.00%    passed     98.78%
 590  SRX5400212    0.00%    passed     99.74%
 591  SRX5400213    0.00%    passed     99.01%
 592  SRX5400215    0.00%    passed     99.81%
 593  SRX5400216    0.00%    passed     99.32%
 594  SRX5400217    0.00%    passed     99.54%
 595  SRX5400218    0.00%    passed     97.15%
 596  SRX5400219    0.00%    passed     99.76%
 597  SRX5400220    0.00%    passed     95.11%
 598  SRX5400221    0.00%    passed     99.76%
 599  SRX5400222    0.00%    passed     99.77%
 600  SRX5400223    0.00%    passed     99.31%
 601  SRX5400224    0.00%    passed     99.18%
 602  SRX5400225    0.00%    passed     99.71%
 603  SRX5400227    0.00%    passed     96.34%
 604  SRX5400228    0.00%    passed     97.33%
 605  SRX5400229    0.00%    passed     98.87%
 606  SRX5400230    0.00%    passed     99.18%
 607  SRX5400232    0.00%    passed     98.44%
 608  SRX5400233    0.00%    passed     97.40%
 609  SRX5400234    0.00%    passed     98.53%
 610  SRX5400235    0.00%    passed     99.28%
 611  SRX5400236    0.00%    passed     99.45%
 612  SRX5400237    0.00%    passed     99.29%
 613  SRX5400238    0.00%    passed     99.70%
 614  SRX5400239    0.00%    passed     99.12%
 615  SRX5400240    0.00%    passed     99.12%
 616  SRX5400241    0.00%    passed     99.01%
 617  SRX5400242    0.00%    passed     98.81%
 618  SRX5400243    0.00%    passed     99.04%
 619  SRX5400244    0.00%    passed     99.44%
 620  SRX5400245    0.00%    passed     97.99%
 621  SRX5400246    0.00%    passed     98.28%
 622  SRX5400247    0.00%    passed     97.46%
 623  SRX5400248    0.00%    passed     99.97%
 624  SRX5400249    0.00%    passed     98.48%
 625  SRX5400250    0.00%    passed     97.83%
 626  SRX5400251    0.00%    passed     99.18%
 627  SRX5400252    0.00%    passed     99.27%
 628  SRX5400253    0.00%    passed     99.62%
 629  SRX5400255    0.00%    passed     99.77%
 630  SRX5400257    0.00%    passed     99.08%
 631  SRX5400258    0.00%    passed     99.32%
 632  SRX5400259    0.00%    passed     99.13%
 633  SRX5400260    0.00%    passed     99.95%
 634  SRX5400261    0.00%    passed     94.55%
 635  SRX5400262    0.00%    passed     99.64%
 636  SRX5400263    0.00%    passed     98.31%
 637  SRX5400264    0.00%    passed     98.55%
 638  SRX5400265    0.00%    passed     96.12%
 639  SRX5400266    0.00%    passed     98.67%
 640  SRX5400267    0.00%    passed     98.53%
 641  SRX5400268    0.00%    passed     99.01%
 642  SRX5400269    0.00%    passed     99.36%
 643  SRX5400270    0.00%    passed     98.95%
 644  SRX5400271    0.00%    passed     98.63%
 645  SRX5400272    0.00%    passed     98.83%
 646  SRX5400275    0.00%    passed     99.67%
 647  SRX5400276    0.00%    passed     99.57%
 648  SRX5400277    0.00%    passed     99.50%
 649  SRX5400278    0.00%    passed     99.87%
 650  SRX5400280    0.00%    passed     99.42%
 651  SRX5400281    0.00%    passed     99.21%
 652  SRX5400283    0.00%    passed     98.92%
 653  SRX5400286    0.00%    passed     99.71%
 654  SRX5400287    0.00%    passed     97.58%
 655  SRX5400288    0.00%    passed     99.93%
 656  SRX5400289    0.00%    passed     99.64%
 657  SRX5400290    0.00%    passed     98.13%
 658  SRX5400291    0.00%    passed     99.58%
 659  SRX5400296    0.00%    passed     98.74%
 660  SRX5400297    0.00%    passed     98.87%
 661  SRX5400299    0.00%    passed     98.93%
 662  SRX5400300    0.00%    passed     97.87%
 663  SRX5400301    0.00%    passed     98.57%
 664  SRX5400303    0.00%    passed     99.43%
 665  SRX5400304    0.00%    passed     99.84%
 666  SRX5400305    0.00%    passed     99.57%
 667  SRX5400306    0.00%    passed     98.80%
 668  SRX5400307    0.00%    passed     99.24%
 669  SRX5400308    0.00%    passed     98.96%
 670  SRX5400309    0.00%    passed     98.62%
 671  SRX5400310    0.00%    passed     99.83%
 672  SRX5400311    0.00%    passed     98.94%
 673  SRX5400312    0.00%    passed     98.94%
 674  SRX5400313    0.00%    passed     98.28%
 675  SRX5400314    0.00%    passed     99.12%
 676  SRX5400315    0.00%    passed     98.22%
 677  SRX5400316    0.00%    passed     98.55%
 678  SRX5400317    0.00%    passed     99.95%
 679  SRX5400324    0.00%    passed     98.29%
 680  SRX5400325    0.00%    passed     97.89%
 681  SRX5400327    0.00%    passed     98.48%
 682  SRX5400328    0.00%    passed     99.15%
 683  SRX5400329    0.00%    passed     99.56%
 684  SRX5400330    0.00%    passed     99.54%
 685  SRX5400331    0.00%    passed     98.71%
 686  SRX5400332    0.00%    passed     97.94%
 687  SRX5400333    0.00%    passed     99.68%
 688  SRX5400334    0.00%    passed     99.18%
 689  SRX5400335    0.00%    passed     98.85%
 690  SRX5400339    0.00%    passed     99.74%
 691  SRX5400340    0.00%    passed     99.13%
 692  SRX5400341    0.00%    passed     97.81%
 693  SRX5400342    0.00%    passed     98.78%
 694  SRX5400343    0.00%    passed     98.02%
 695  SRX5400344    0.00%    passed     99.31%
 696  SRX5400345    0.00%    passed     98.10%
 697  SRX5400346    0.00%    passed     98.36%
 698  SRX5400347    0.00%    passed     98.96%
 699  SRX5400348    0.00%    passed     99.38%
 700  SRX5400349    0.00%    passed     97.42%
 701  SRX5400350    0.00%    passed     98.76%
****  TOTAL         0.00%  0 sequences failed composition chi2 test (p-value<5%; df=3)


Create initial parsimony tree by phylogenetic likelihood library (PLL)... 2.269 seconds
NOTE: ModelFinder requires 1165 MB RAM!
ModelFinder will test 484 DNA models (sample size: 9167) ...
 No. Model         -LnL         df  AIC          AICc         BIC
  1  JC            153292.169   1399 309382.338   309886.677   319347.926
  2  JC+ASC        151388.423   1399 305574.847   306079.185   315540.435
  3  JC+G4         149905.860   1400 302611.720   303116.845   312584.431
  4  JC+ASC+G4     146024.699   1400 294849.397   295354.522   304822.109
  5  JC+R2         143053.891   1401 288909.782   289415.693   298889.617
  6  JC+R3         142368.986   1403 287543.973   288051.460   297538.054
  7  JC+R4         142369.024   1405 287548.048   288057.113   297556.376
 14  JC+ASC+R2     137973.612   1401 278749.223   279255.135   288729.058
 15  JC+ASC+R3     136653.931   1403 276113.862   276621.349   286107.943
 16  JC+ASC+R4     136645.811   1405 276101.623   276610.688   286109.951
 23  F81+F         152862.380   1402 308528.759   309035.458   318515.718
 24  F81+F+ASC     150924.179   1402 304652.358   305159.057   314639.316
 25  F81+F+G4      149492.569   1403 301791.138   302298.625   311785.220
 26  F81+F+ASC+G4  145707.202   1403 294220.403   294727.890   304214.485
 27  F81+F+R2      142759.950   1404 288327.901   288836.177   298329.106
 28  F81+F+R3      142072.363   1406 286956.726   287466.582   296972.177
WARNING: Log-likelihood of F81+F+R4 worse than F81+F+R3
 29  F81+F+R4      142072.593   1408 286961.187   287472.626   296990.885
 36  F81+F+ASC+R2  137692.611   1404 278193.222   278701.498   288194.427
 37  F81+F+ASC+R3  136384.644   1406 275581.288   276091.145   285596.740
 38  F81+F+ASC+R4  136105.960   1408 275027.919   275539.358   285057.618
 39  F81+F+ASC+R5  136105.548   1410 275031.096   275544.121   285075.041
 45  K2P           151421.629   1400 305643.259   306148.384   315615.970
 46  K2P+ASC       149518.760   1400 301837.519   302342.644   311810.231
 47  K2P+G4        148023.937   1401 298849.873   299355.785   308829.708
 48  K2P+ASC+G4    144133.239   1401 291068.479   291574.390   301048.314
 49  K2P+R2        141157.009   1402 285118.019   285624.718   295104.977
 50  K2P+R3        140465.936   1404 283739.872   284248.148   293741.077
 51  K2P+R4        140465.915   1406 283743.831   284253.687   293759.283
 58  K2P+ASC+R2    136079.244   1402 274962.488   275469.187   284949.446
 59  K2P+ASC+R3    134753.421   1404 272314.842   272823.118   282316.047
 60  K2P+ASC+R4    134741.238   1406 272294.475   272804.331   282309.927
 61  K2P+ASC+R5    134472.403   1408 271760.806   272272.245   281790.504
 62  K2P+ASC+R6    134362.018   1410 271544.037   272057.061   281587.982
WARNING: Log-likelihood of K2P+ASC+R7 worse than K2P+ASC+R6
 63  K2P+ASC+R7    134368.775   1412 271561.549   272076.163   281619.741
 67  HKY+F         150451.882   1403 303709.764   304217.252   313703.846
 68  HKY+F+ASC     148430.872   1403 299667.745   300175.232   309661.826
 69  HKY+F+G4      146986.254   1404 296780.508   297288.785   306781.713
 70  HKY+F+ASC+G4  143319.831   1404 289447.662   289955.939   299448.867
 71  HKY+F+R2      140417.565   1405 283645.131   284154.197   293653.459
 72  HKY+F+R3      139717.602   1407 282249.204   282759.851   292271.779
 73  HKY+F+R4      139717.591   1409 282253.182   282765.413   292290.004
 80  HKY+F+ASC+R2  135340.210   1405 273490.419   273999.485   283498.748
 81  HKY+F+ASC+R3  134033.829   1407 270881.657   271392.304   280904.232
 82  HKY+F+ASC+R4  134020.770   1409 270859.541   271371.772   280896.362
 83  HKY+F+ASC+R5  133740.539   1411 270303.079   270816.897   280354.147
 84  HKY+F+ASC+R6  133654.405   1413 270134.810   270650.218   280200.125
WARNING: Log-likelihood of HKY+F+ASC+R7 worse than HKY+F+ASC+R6
 85  HKY+F+ASC+R7  133655.493   1415 270140.986   270657.988   280220.548
 89  TNe           151403.452   1401 305608.905   306114.817   315588.740
 90  TNe+ASC       149495.181   1401 301792.362   302298.274   311772.197
 91  TNe+G4        148007.444   1402 298818.888   299325.587   308805.846
 92  TNe+ASC+G4    144130.466   1402 291064.932   291571.631   301051.890
 93  TNe+R2        141156.717   1403 285119.434   285626.922   295113.516
 94  TNe+R3        140465.910   1405 283741.819   284250.885   293750.148
WARNING: Log-likelihood of TNe+R4 worse than TNe+R3
 95  TNe+R4        140466.179   1407 283746.357   284257.005   293768.932
102  TNe+ASC+R2    136078.191   1403 274962.383   275469.870   284956.464
103  TNe+ASC+R3    134752.951   1405 272315.902   272824.968   282324.231
104  TNe+ASC+R4    134463.726   1407 271741.452   272252.099   281764.027
105  TNe+ASC+R5    134458.399   1409 271734.798   272247.029   281771.620
111  TN+F          150435.996   1404 303679.991   304188.268   313681.196
112  TN+F+ASC      148411.178   1404 299630.356   300138.632   309631.561
113  TN+F+G4       146972.320   1405 296754.639   297263.705   306762.967
114  TN+F+ASC+G4   143317.385   1405 289444.770   289953.836   299453.098
115  TN+F+R2       140417.229   1406 283646.459   284156.315   293661.911
116  TN+F+R3       139716.873   1408 282249.745   282761.184   292279.444
117  TN+F+R4       139716.860   1410 282253.721   282766.745   292297.666
124  TN+F+ASC+R2   135339.457   1406 273490.914   274000.770   283506.366
125  TN+F+ASC+R3   134033.755   1408 270883.511   271394.950   280913.209
126  TN+F+ASC+R4   133740.648   1410 270301.295   270814.320   280345.240
127  TN+F+ASC+R5   133739.003   1412 270302.006   270816.619   280360.198
133  K3P           151418.900   1401 305639.800   306145.712   315619.635
134  K3P+ASC       149515.506   1401 301833.013   302338.924   311812.848
135  K3P+G4        148023.008   1402 298850.016   299356.715   308836.974
136  K3P+ASC+G4    144132.203   1402 291068.406   291575.105   301055.364
137  K3P+R2        141155.964   1403 285117.928   285625.416   295112.010
138  K3P+R3        140464.955   1405 283739.909   284248.975   293748.238
139  K3P+R4        140464.943   1407 283743.887   284254.534   293766.462
146  K3P+ASC+R2    136078.193   1403 274962.385   275469.873   284956.467
147  K3P+ASC+R3    134752.377   1405 272314.755   272823.820   282323.083
148  K3P+ASC+R4    134744.157   1407 272302.314   272812.961   282324.889
155  K3Pu+F        150381.726   1404 303571.452   304079.728   313572.656
156  K3Pu+F+ASC    148335.685   1404 299479.370   299987.647   309480.575
157  K3Pu+F+G4     146881.997   1405 296573.994   297083.060   306582.322
158  K3Pu+F+ASC+G4 143248.449   1405 289306.897   289815.963   299315.226
159  K3Pu+F+R2     140360.247   1406 283532.494   284042.350   293547.946
160  K3Pu+F+R3     139659.439   1408 282134.879   282646.318   292164.577
161  K3Pu+F+R4     139659.449   1410 282138.897   282651.922   292182.842
168  K3Pu+F+ASC+R2 135278.714   1406 273369.428   273879.285   283384.880
169  K3Pu+F+ASC+R3 133972.733   1408 270761.467   271272.906   280791.165
170  K3Pu+F+ASC+R4 133676.290   1410 270172.580   270685.605   280216.525
171  K3Pu+F+ASC+R5 133674.169   1412 270172.339   270686.952   280230.531
177  TPM2+F        150451.846   1404 303711.692   304219.968   313712.897
178  TPM2+F+ASC    148425.685   1404 299659.369   300167.645   309660.574
179  TPM2+F+G4     146978.235   1405 296766.470   297275.536   306774.798
180  TPM2+F+ASC+G4 143319.809   1405 289449.619   289958.684   299457.947
181  TPM2+F+R2     140415.498   1406 283642.996   284152.852   293658.448
182  TPM2+F+R3     139714.885   1408 282245.770   282757.209   292275.469
183  TPM2+F+R4     139714.870   1410 282249.740   282762.765   292293.685
190  TPM2+F+ASC+R2 135339.183   1406 273490.367   274000.223   283505.818
191  TPM2+F+ASC+R3 134031.056   1408 270878.113   271389.552   280907.811
WARNING: Log-likelihood of TPM2+F+ASC+R4 worse than TPM2+F+ASC+R3
192  TPM2+F+ASC+R4 134033.013   1410 270886.026   271399.051   280929.971
199  TPM2u+F       150451.813   1404 303711.626   304219.903   313712.831
200  TPM2u+F+ASC   148425.638   1404 299659.276   300167.552   309660.481
201  TPM2u+F+G4    146978.220   1405 296766.440   297275.506   306774.769
202  TPM2u+F+ASC+G4 143319.796   1405 289449.591   289958.657   299457.919
203  TPM2u+F+R2    140415.473   1406 283642.945   284152.801   293658.397
204  TPM2u+F+R3    139714.852   1408 282245.704   282757.143   292275.403
205  TPM2u+F+R4    139714.872   1410 282249.744   282762.768   292293.689
212  TPM2u+F+ASC+R2 135339.187   1406 273490.374   274000.231   283505.826
213  TPM2u+F+ASC+R3 134031.054   1408 270878.108   271389.547   280907.806
214  TPM2u+F+ASC+R4 133738.840   1410 270297.680   270810.705   280341.625
215  TPM2u+F+ASC+R5 133732.960   1412 270289.921   270804.534   280348.113
221  TPM3+F        150422.620   1404 303653.240   304161.516   313654.445
222  TPM3+F+ASC    148371.411   1404 299550.822   300059.098   309552.027
223  TPM3+F+G4     146914.374   1405 296638.747   297147.813   306647.076
224  TPM3+F+ASC+G4 143289.684   1405 289389.368   289898.434   299397.696
225  TPM3+F+R2     140401.614   1406 283615.228   284125.084   293630.680
226  TPM3+F+R3     139697.007   1408 282210.014   282721.453   292239.712
227  TPM3+F+R4     139696.962   1410 282213.923   282726.948   292257.868
234  TPM3+F+ASC+R2 135320.230   1406 273452.461   273962.317   283467.912
235  TPM3+F+ASC+R3 134008.469   1408 270832.938   271344.377   280862.636
236  TPM3+F+ASC+R4 133714.527   1410 270249.054   270762.078   280292.999
237  TPM3+F+ASC+R5 133641.095   1412 270106.189   270620.803   280164.381
238  TPM3+F+ASC+R6 133634.802   1414 270097.603   270613.808   280170.042
243  TPM3u+F       150422.886   1404 303653.771   304162.047   313654.976
244  TPM3u+F+ASC   148371.756   1404 299551.512   300059.788   309552.717
245  TPM3u+F+G4    146914.494   1405 296638.988   297148.054   306647.317
246  TPM3u+F+ASC+G4 143289.794   1405 289389.587   289898.653   299397.916
247  TPM3u+F+R2    140401.954   1406 283615.908   284125.765   293631.360
248  TPM3u+F+R3    139697.345   1408 282210.690   282722.129   292240.388
249  TPM3u+F+R4    139697.317   1410 282214.635   282727.659   292258.580
256  TPM3u+F+ASC+R2 135320.654   1406 273453.308   273963.164   283468.759
257  TPM3u+F+ASC+R3 134008.458   1408 270832.916   271344.355   280862.614
258  TPM3u+F+ASC+R4 133714.699   1410 270249.399   270762.424   280293.344
259  TPM3u+F+ASC+R5 133635.350   1412 270094.701   270609.314   280152.893
260  TPM3u+F+ASC+R6 133629.813   1414 270087.626   270603.831   280160.065
265  TIMe          151402.580   1402 305609.160   306115.859   315596.118
266  TIMe+ASC      149494.310   1402 301792.620   302299.319   311779.578
267  TIMe+G4       148006.488   1403 298818.976   299326.463   308813.057
268  TIMe+ASC+G4   144129.426   1403 291064.852   291572.339   301058.934
269  TIMe+R2       141155.643   1404 285119.286   285627.562   295120.491
270  TIMe+R3       140464.891   1406 283741.782   284251.638   293757.233
271  TIMe+R4       140464.891   1408 283745.783   284257.222   293775.481
278  TIMe+ASC+R2   136076.778   1404 274961.556   275469.832   284962.761
279  TIMe+ASC+R3   134751.909   1406 272315.818   272825.674   282331.270
280  TIMe+ASC+R4   134461.754   1408 271739.507   272250.946   281769.206
281  TIMe+ASC+R5   134365.693   1410 271551.387   272064.412   281595.332
282  TIMe+ASC+R6   134361.459   1412 271546.918   272061.532   281605.110
287  TIM+F         150365.851   1405 303541.702   304050.767   313550.030
288  TIM+F+ASC     148316.065   1405 299442.130   299951.196   309450.458
289  TIM+F+G4      146868.183   1406 296548.366   297058.222   306563.817
290  TIM+F+ASC+G4  143245.889   1406 289303.778   289813.634   299319.229
291  TIM+F+R2      140359.971   1407 283533.941   284044.589   293556.516
292  TIM+F+R3      139658.652   1409 282135.304   282647.535   292172.125
293  TIM+F+R4      139658.625   1411 282139.251   282653.069   292190.319
300  TIM+F+ASC+R2  135278.027   1407 273370.054   273880.701   283392.629
301  TIM+F+ASC+R3  133972.401   1409 270762.803   271275.034   280799.625
302  TIM+F+ASC+R4  133674.843   1411 270171.685   270685.504   280222.754
303  TIM+F+ASC+R5  133596.585   1413 270019.169   270534.578   280084.484
304  TIM+F+ASC+R6  133595.605   1415 270021.210   270538.211   280100.772
309  TIM2e         151288.031   1402 305380.063   305886.762   315367.021
310  TIM2e+ASC     149302.320   1402 301408.639   301915.338   311395.597
311  TIM2e+G4      147833.116   1403 298472.232   298979.720   308466.314
312  TIM2e+ASC+G4  143884.108   1403 290574.216   291081.703   300568.297
313  TIM2e+R2      140949.143   1404 284706.287   285214.563   294707.492
314  TIM2e+R3      140249.742   1406 283311.483   283821.339   293326.935
315  TIM2e+R4      140249.699   1408 283315.398   283826.837   293345.096
322  TIM2e+ASC+R2  135702.156   1404 274212.311   274720.588   284213.516
323  TIM2e+ASC+R3  134324.425   1406 271460.851   271970.707   281476.302
324  TIM2e+ASC+R4  134310.968   1408 271437.935   271949.374   281467.633
325  TIM2e+ASC+R5  133956.505   1410 270733.010   271246.034   280776.955
326  TIM2e+ASC+R6  133956.026   1412 270736.052   271250.666   280794.244
331  TIM2+F        150435.957   1405 303681.913   304190.979   313690.242
332  TIM2+F+ASC    148406.059   1405 299622.118   300131.184   309630.447
333  TIM2+F+G4     146964.602   1406 296741.204   297251.060   306756.656
334  TIM2+F+ASC+G4 143317.377   1406 289446.753   289956.610   299462.205
335  TIM2+F+R2     140415.128   1407 283644.256   284154.904   293666.831
336  TIM2+F+R3     139714.260   1409 282246.520   282758.751   292283.341
337  TIM2+F+R4     139714.242   1411 282250.483   282764.302   292301.552
344  TIM2+F+ASC+R2 135338.424   1407 273490.849   274001.496   283513.424
345  TIM2+F+ASC+R3 134030.974   1409 270879.948   271392.179   280916.770
346  TIM2+F+ASC+R4 133739.599   1411 270301.198   270815.017   280352.267
347  TIM2+F+ASC+R5 133659.010   1413 270144.021   270659.429   280209.336
348  TIM2+F+ASC+R6 133658.989   1415 270147.977   270664.979   280227.539
353  TIM3e         151371.743   1402 305547.486   306054.186   315534.445
354  TIM3e+ASC     149421.356   1402 301646.712   302153.411   311633.670
355  TIM3e+G4      147944.494   1403 298694.988   299202.476   308689.070
356  TIM3e+ASC+G4  144035.116   1403 290876.231   291383.719   300870.313
357  TIM3e+R2      141090.275   1404 284988.551   285496.827   294989.756
358  TIM3e+R3      140397.622   1406 283607.244   284117.101   293622.696
359  TIM3e+R4      140397.581   1408 283611.162   284122.601   293640.861
366  TIM3e+ASC+R2  135895.260   1404 274598.520   275106.796   284599.725
367  TIM3e+ASC+R3  134568.307   1406 271948.614   272458.470   281964.065
368  TIM3e+ASC+R4  134560.213   1408 271936.425   272447.864   281966.124
375  TIM3+F        150406.744   1405 303623.487   304132.553   313631.816
376  TIM3+F+ASC    148351.811   1405 299513.622   300022.688   309521.950
377  TIM3+F+G4     146899.814   1406 296611.627   297121.484   306627.079
378  TIM3+F+ASC+G4 143286.802   1406 289385.603   289895.459   299401.055
379  TIM3+F+R2     140401.211   1407 283616.422   284127.069   293638.997
380  TIM3+F+R3     139696.283   1409 282210.566   282722.797   292247.387
381  TIM3+F+R4     139696.260   1411 282214.520   282728.338   292265.588
388  TIM3+F+ASC+R2 135319.263   1407 273452.526   273963.173   283475.101
389  TIM3+F+ASC+R3 134008.133   1409 270834.267   271346.498   280871.088
390  TIM3+F+ASC+R4 133714.547   1411 270251.093   270764.912   280302.162
391  TIM3+F+ASC+R5 133634.230   1413 270094.461   270609.870   280159.776
WARNING: Log-likelihood of TIM3+F+ASC+R6 worse than TIM3+F+ASC+R5
392  TIM3+F+ASC+R6 133634.642   1415 270099.283   270616.285   280178.845
397  TVMe          151240.369   1403 305286.738   305794.226   315280.820
398  TVMe+ASC      149204.675   1403 301215.350   301722.837   311209.431
399  TVMe+G4       147740.235   1404 298288.471   298796.747   308289.676
400  TVMe+ASC+G4   143738.539   1404 290285.079   290793.355   300286.284
401  TVMe+R2       140833.967   1405 284477.934   284987.000   294486.262
402  TVMe+R3       140130.882   1407 283075.765   283586.412   293098.340
403  TVMe+R4       140130.858   1409 283079.716   283591.947   293116.538
410  TVMe+ASC+R2   135461.943   1405 273733.886   274242.952   283742.214
411  TVMe+ASC+R3   134083.387   1407 270980.773   271491.420   281003.348
412  TVMe+ASC+R4   133769.879   1409 270357.758   270869.990   280394.580
413  TVMe+ASC+R5   133669.427   1411 270160.853   270674.672   280211.922
WARNING: Log-likelihood of TVMe+ASC+R6 worse than TVMe+ASC+R5
414  TVMe+ASC+R6   133674.637   1413 270175.275   270690.683   280240.590
419  TVM+F         150371.809   1406 303555.618   304065.474   313571.070
420  TVM+F+ASC     148317.317   1406 299446.634   299956.490   309462.086
421  TVM+F+G4      146854.144   1407 296522.288   297032.935   306544.863
422  TVM+F+ASC+G4  143234.203   1407 289282.406   289793.053   299304.981
423  TVM+F+R2      140343.908   1408 283503.815   284015.254   293533.514
424  TVM+F+R3      139639.243   1410 282098.486   282611.510   292142.431
425  TVM+F+R4      139639.171   1412 282102.342   282616.955   292160.534
432  TVM+F+ASC+R2  135263.431   1408 273342.863   273854.302   283372.561
433  TVM+F+ASC+R3  133950.238   1410 270720.476   271233.501   280764.421
434  TVM+F+ASC+R4  133658.079   1412 270140.159   270654.772   280198.351
435  TVM+F+ASC+R5  133584.328   1414 269996.656   270512.861   280069.094
436  TVM+F+ASC+R6  133574.628   1416 269981.257   270499.056   280067.942
437  TVM+F+ASC+R7  133573.119   1418 269982.237   270501.634   280083.169
441  SYM           151222.189   1404 305252.379   305760.655   315253.583
442  SYM+ASC       149180.097   1404 301168.194   301676.471   311169.399
443  SYM+G4        147726.179   1405 298262.357   298771.423   308270.686
444  SYM+ASC+G4    143735.315   1405 290280.629   290789.695   300288.957
445  SYM+R2        140833.881   1406 284479.761   284989.617   294495.213
446  SYM+R3        140130.652   1408 283077.304   283588.743   293107.002
447  SYM+R4        140130.689   1410 283081.378   283594.403   293125.323
454  SYM+ASC+R2    135460.201   1406 273732.401   274242.258   283747.853
455  SYM+ASC+R3    134083.151   1408 270982.301   271493.740   281011.999
456  SYM+ASC+R4    133767.774   1410 270355.548   270868.573   280399.493
457  SYM+ASC+R5    133669.017   1412 270162.034   270676.648   280220.226
458  SYM+ASC+R6    133662.131   1414 270152.262   270668.467   280224.701
463  GTR+F         150353.662   1407 303521.324   304031.971   313543.899
464  GTR+F+ASC     148295.083   1407 299404.165   299914.813   309426.740
465  GTR+F+G4      146840.160   1408 296496.320   297007.759   306526.018
466  GTR+F+ASC+G4  143231.351   1408 289278.703   289790.142   299308.401
467  GTR+F+R2      140343.459   1409 283504.918   284017.149   293541.740
468  GTR+F+R3      139638.577   1411 282099.154   282612.972   292150.222
469  GTR+F+R4      139638.541   1413 282103.082   282618.491   292168.398
476  GTR+F+ASC+R2  135262.434   1409 273342.867   273855.099   283379.689
477  GTR+F+ASC+R3  133949.701   1411 270721.402   271235.221   280772.471
478  GTR+F+ASC+R4  133658.279   1413 270142.559   270657.967   280207.874
479  GTR+F+ASC+R5  133586.833   1415 270003.666   270520.668   280083.228
480  GTR+F+ASC+R6  133579.457   1417 269992.914   270511.511   280086.723
Akaike Information Criterion:           TVM+F+ASC+R6
Corrected Akaike Information Criterion: TVM+F+ASC+R6
Bayesian Information Criterion:         TVM+F+ASC+R6
Best-fit model: TVM+F+ASC+R6 chosen according to BIC

All model information printed to mbov_align.model.gz
CPU time for ModelFinder: 31176.932 seconds (8h:39m:36s)
Wall-clock time for ModelFinder: 4473.386 seconds (1h:14m:33s)
Generating 1000 samples for ultrafast bootstrap (seed: 427901)...

NOTE: 707 MB RAM (0 GB) is required!
Estimate model parameters (epsilon = 0.100)
1. Initial log-likelihood: -151174.979
2. Current log-likelihood: -142220.331
3. Current log-likelihood: -135595.834
4. Current log-likelihood: -133738.828
5. Current log-likelihood: -133583.325
6. Current log-likelihood: -133582.335
7. Current log-likelihood: -133581.686
8. Current log-likelihood: -133581.388
Optimal log-likelihood: -133581.366
Rate parameters:  A-C: 0.82325  A-G: 2.32563  A-T: 0.67275  C-G: 0.70338  C-T: 2.32563  G-T: 1.00000
Base frequencies:  A: 0.163  C: 0.339  G: 0.334  T: 0.164
Site proportion and rates:  (0.984,0.479) (0.011,9.663) (0.003,36.641) (0.002,86.118) (0.000,154.452) (0.001,158.614)
Parameters optimization took 8 rounds (42.328 sec)
Computing ML distances based on estimated model parameters... 28.187 sec
Computing BIONJ tree...
0.726 seconds
Log-likelihood of BIONJ tree: -136316.847
--------------------------------------------------------------------
|             INITIALIZING CANDIDATE TREE SET                      |
--------------------------------------------------------------------
Generating 98 parsimony trees... 172.491 second
Computing log-likelihood of 98 initial trees ... 102.774 seconds
Current best score: -133581.366

Do NNI search on 20 best initial trees
Estimate model parameters (epsilon = 0.100)
BETTER TREE FOUND at iteration 1: -133315.279
Estimate model parameters (epsilon = 0.100)
BETTER TREE FOUND at iteration 2: -133007.927
Iteration 10 / LogL: -133230.643 / Time: 0h:14m:3s
Iteration 20 / LogL: -133156.226 / Time: 0h:22m:44s
Finish initializing candidate tree set (20)
Current best tree score: -133007.927 / CPU time: 1301.443
Number of iterations: 20
--------------------------------------------------------------------
|               OPTIMIZING CANDIDATE TREE SET                      |
--------------------------------------------------------------------
Estimate model parameters (epsilon = 0.100)
BETTER TREE FOUND at iteration 24: -132954.144
Iteration 30 / LogL: -133182.940 / Time: 0h:25m:1s (1h:21m:7s left)
Estimate model parameters (epsilon = 0.100)
BETTER TREE FOUND at iteration 33: -132942.840
Iteration 40 / LogL: -133039.318 / Time: 0h:27m:11s (1h:4m:50s left)
Estimate model parameters (epsilon = 0.100)
BETTER TREE FOUND at iteration 44: -132870.048
Iteration 50 / LogL: -133176.812 / Time: 0h:29m:8s (0h:55m:54s left)
Log-likelihood cutoff on original alignment: -133330.737
Iteration 60 / LogL: -133033.426 / Time: 0h:31m:12s (0h:44m:25s left)
Iteration 70 / LogL: -132935.186 / Time: 0h:33m:15s (0h:35m:40s left)
Iteration 80 / LogL: -133175.089 / Time: 0h:35m:37s (0h:28m:51s left)
Estimate model parameters (epsilon = 0.100)
BETTER TREE FOUND at iteration 85: -132861.907
Iteration 90 / LogL: -133021.452 / Time: 0h:37m:45s (0h:40m:18s left)
Iteration 100 / LogL: -133354.986 / Time: 0h:39m:37s (0h:34m:1s left)
Log-likelihood cutoff on original alignment: -133330.737
NOTE: Bootstrap correlation coefficient of split occurrence frequencies: 0.972
NOTE: UFBoot does not converge, continue at least 100 more iterations
Estimate model parameters (epsilon = 0.100)
BETTER TREE FOUND at iteration 109: -132850.293
Iteration 110 / LogL: -133287.818 / Time: 0h:41m:52s (0h:38m:1s left)
Estimate model parameters (epsilon = 0.100)
BETTER TREE FOUND at iteration 118: -132849.512
Estimate model parameters (epsilon = 0.100)
BETTER TREE FOUND at iteration 119: -132834.049
Iteration 120 / LogL: -133052.600 / Time: 0h:44m:11s (0h:36m:46s left)
Estimate model parameters (epsilon = 0.100)
BETTER TREE FOUND at iteration 122: -132828.852
Iteration 130 / LogL: -132907.947 / Time: 0h:46m:31s (0h:33m:10s left)
Estimate model parameters (epsilon = 0.100)
BETTER TREE FOUND at iteration 131: -132797.897
Iteration 140 / LogL: -133125.429 / Time: 0h:48m:35s (0h:31m:48s left)
Estimate model parameters (epsilon = 0.100)
BETTER TREE FOUND at iteration 143: -132794.455
Estimate model parameters (epsilon = 0.100)
BETTER TREE FOUND at iteration 148: -132721.956
Iteration 150 / LogL: -132884.441 / Time: 0h:51m:18s (0h:33m:44s left)
Log-likelihood cutoff on original alignment: -133302.307
Estimate model parameters (epsilon = 0.100)
BETTER TREE FOUND at iteration 159: -132694.779
Iteration 160 / LogL: -132966.427 / Time: 0h:53m:41s (0h:33m:25s left)
Estimate model parameters (epsilon = 0.100)
BETTER TREE FOUND at iteration 162: -132670.660
Iteration 170 / LogL: -134132.501 / Time: 0h:55m:57s (0h:30m:27s left)
Iteration 180 / LogL: -133237.494 / Time: 0h:58m:22s (0h:26m:44s left)
Iteration 190 / LogL: -133014.962 / Time: 1h:0m:36s (0h:23m:5s left)
Estimate model parameters (epsilon = 0.100)
BETTER TREE FOUND at iteration 193: -132665.946
Iteration 200 / LogL: -133109.065 / Time: 1h:3m:4s (0h:29m:28s left)
Log-likelihood cutoff on original alignment: -133302.307
NOTE: Bootstrap correlation coefficient of split occurrence frequencies: 0.876
NOTE: UFBoot does not converge, continue at least 100 more iterations
Iteration 210 / LogL: -132920.048 / Time: 1h:5m:43s (0h:28m:18s left)
Iteration 220 / LogL: -133154.927 / Time: 1h:8m:5s (0h:24m:52s left)
Iteration 230 / LogL: -132897.278 / Time: 1h:10m:18s (0h:21m:29s left)
Iteration 240 / LogL: -132719.834 / Time: 1h:12m:40s (0h:18m:14s left)
Estimate model parameters (epsilon = 0.100)
BETTER TREE FOUND at iteration 245: -132641.797
Iteration 250 / LogL: -132978.644 / Time: 1h:14m:56s (0h:28m:35s left)
Log-likelihood cutoff on original alignment: -133302.307
Iteration 260 / LogL: -132707.120 / Time: 1h:17m:7s (0h:25m:18s left)
Estimate model parameters (epsilon = 0.100)
BETTER TREE FOUND at iteration 262: -132610.133
Iteration 270 / LogL: -132682.718 / Time: 1h:19m:44s (0h:27m:16s left)
Estimate model parameters (epsilon = 0.100)
BETTER TREE FOUND at iteration 272: -132607.756
Iteration 280 / LogL: -132736.514 / Time: 1h:22m:12s (0h:27m:6s left)
Iteration 290 / LogL: -133038.009 / Time: 1h:24m:29s (0h:23m:58s left)
Estimate model parameters (epsilon = 0.100)
BETTER TREE FOUND at iteration 295: -132594.885
Iteration 300 / LogL: -132869.438 / Time: 1h:26m:59s (0h:27m:38s left)
Log-likelihood cutoff on original alignment: -133302.307
NOTE: Bootstrap correlation coefficient of split occurrence frequencies: 0.907
NOTE: UFBoot does not converge, continue at least 100 more iterations
Estimate model parameters (epsilon = 0.100)
BETTER TREE FOUND at iteration 302: -132582.257
Iteration 310 / LogL: -132713.787 / Time: 1h:29m:30s (0h:26m:38s left)
Iteration 320 / LogL: -132814.140 / Time: 1h:32m:6s (0h:23m:40s left)
Iteration 330 / LogL: -132792.472 / Time: 1h:34m:48s (0h:20m:44s left)
Iteration 340 / LogL: -132736.045 / Time: 1h:37m:6s (0h:17m:45s left)
Iteration 350 / LogL: -132642.180 / Time: 1h:39m:38s (0h:14m:50s left)
Log-likelihood cutoff on original alignment: -133302.307
Iteration 360 / LogL: -132705.508 / Time: 1h:42m:17s (0h:11m:58s left)
Estimate model parameters (epsilon = 0.100)
BETTER TREE FOUND at iteration 366: -132552.435
Iteration 370 / LogL: -132997.218 / Time: 1h:44m:45s (0h:27m:15s left)
Estimate model parameters (epsilon = 0.100)
BETTER TREE FOUND at iteration 378: -132548.252
Iteration 380 / LogL: -132587.343 / Time: 1h:47m:5s (0h:27m:41s left)
Iteration 390 / LogL: -133564.913 / Time: 1h:48m:59s (0h:24m:39s left)
Iteration 400 / LogL: -132796.152 / Time: 1h:50m:59s (0h:21m:41s left)
Log-likelihood cutoff on original alignment: -133004.371
NOTE: Bootstrap correlation coefficient of split occurrence frequencies: 0.921
NOTE: UFBoot does not converge, continue at least 100 more iterations
Estimate model parameters (epsilon = 0.100)
BETTER TREE FOUND at iteration 402: -132533.779
Iteration 410 / LogL: -132649.122 / Time: 1h:53m:22s (0h:25m:30s left)
Iteration 420 / LogL: -132782.089 / Time: 1h:55m:24s (0h:22m:35s left)
Iteration 430 / LogL: -132596.535 / Time: 1h:57m:44s (0h:19m:45s left)
Estimate model parameters (epsilon = 0.100)
BETTER TREE FOUND at iteration 433: -132525.974
Iteration 440 / LogL: -132632.826 / Time: 1h:59m:55s (0h:25m:24s left)
Iteration 450 / LogL: -132758.668 / Time: 2h:2m:9s (0h:22m:34s left)
Log-likelihood cutoff on original alignment: -133004.371
Iteration 460 / LogL: -132613.160 / Time: 2h:4m:32s (0h:19m:48s left)
Iteration 470 / LogL: -132683.842 / Time: 2h:6m:45s (0h:17m:1s left)
Iteration 480 / LogL: -132717.261 / Time: 2h:8m:59s (0h:14m:16s left)
Iteration 490 / LogL: -132744.445 / Time: 2h:11m:22s (0h:11m:33s left)
Iteration 500 / LogL: -132866.830 / Time: 2h:13m:53s (0h:8m:51s left)
Log-likelihood cutoff on original alignment: -133004.371
NOTE: Bootstrap correlation coefficient of split occurrence frequencies: 0.920
NOTE: UFBoot does not converge, continue at least 100 more iterations
Iteration 510 / LogL: -132646.454 / Time: 2h:16m:22s (0h:24m:6s left)
Estimate model parameters (epsilon = 0.100)
BETTER TREE FOUND at iteration 518: -132485.648
Iteration 520 / LogL: -132807.571 / Time: 2h:18m:45s (0h:26m:12s left)
Iteration 530 / LogL: -132626.913 / Time: 2h:20m:55s (0h:23m:26s left)
Iteration 540 / LogL: -132566.041 / Time: 2h:22m:55s (0h:20m:40s left)
Iteration 550 / LogL: -132520.729 / Time: 2h:24m:59s (0h:17m:57s left)
Log-likelihood cutoff on original alignment: -132860.944
Iteration 560 / LogL: -132796.815 / Time: 2h:27m:24s (0h:15m:17s left)
Iteration 570 / LogL: -132652.793 / Time: 2h:29m:28s (0h:12m:36s left)
Iteration 580 / LogL: -132644.281 / Time: 2h:31m:37s (0h:9m:57s left)
Iteration 590 / LogL: -132604.937 / Time: 2h:33m:59s (0h:7m:19s left)
Iteration 600 / LogL: -132598.365 / Time: 2h:36m:2s (0h:4m:41s left)
Log-likelihood cutoff on original alignment: -132860.944
NOTE: Bootstrap correlation coefficient of split occurrence frequencies: 0.926
NOTE: UFBoot does not converge, continue at least 100 more iterations
Iteration 610 / LogL: -132637.470 / Time: 2h:38m:9s (0h:23m:22s left)
Iteration 620 / LogL: -132749.119 / Time: 2h:40m:19s (0h:20m:43s left)
Iteration 630 / LogL: -132752.558 / Time: 2h:42m:35s (0h:18m:5s left)
Iteration 640 / LogL: -132594.927 / Time: 2h:44m:29s (0h:15m:26s left)
Iteration 650 / LogL: -134081.473 / Time: 2h:46m:46s (0h:12m:50s left)
Log-likelihood cutoff on original alignment: -132860.944
Iteration 660 / LogL: -132649.242 / Time: 2h:49m:5s (0h:10m:15s left)
Iteration 670 / LogL: -132686.561 / Time: 2h:51m:13s (0h:7m:40s left)
Iteration 680 / LogL: -132649.284 / Time: 2h:53m:25s (0h:5m:6s left)
Iteration 690 / LogL: -132591.312 / Time: 2h:55m:47s (0h:2m:33s left)
Estimate model parameters (epsilon = 0.100)
BETTER TREE FOUND at iteration 694: -132481.289
Iteration 700 / LogL: -132862.643 / Time: 2h:58m:8s (0h:23m:57s left)
Log-likelihood cutoff on original alignment: -132860.944
NOTE: Bootstrap correlation coefficient of split occurrence frequencies: 0.948
NOTE: UFBoot does not converge, continue at least 100 more iterations
Iteration 710 / LogL: -132612.448 / Time: 3h:0m:10s (0h:22m:52s left)
Iteration 720 / LogL: -132722.106 / Time: 3h:2m:16s (0h:20m:16s left)
Iteration 730 / LogL: -132530.390 / Time: 3h:4m:13s (0h:17m:41s left)
Iteration 740 / LogL: -132631.694 / Time: 3h:6m:14s (0h:15m:7s left)
Estimate model parameters (epsilon = 0.100)
BETTER TREE FOUND at iteration 744: -132425.327
Iteration 750 / LogL: -132538.385 / Time: 3h:8m:26s (0h:23m:38s left)
Log-likelihood cutoff on original alignment: -132860.944
Iteration 760 / LogL: -132799.744 / Time: 3h:10m:49s (0h:21m:7s left)
Iteration 770 / LogL: -132628.907 / Time: 3h:13m:2s (0h:18m:34s left)
Iteration 780 / LogL: -132477.680 / Time: 3h:15m:3s (0h:16m:1s left)
Iteration 790 / LogL: -132610.727 / Time: 3h:17m:6s (0h:13m:29s left)
Iteration 800 / LogL: -132566.494 / Time: 3h:19m:32s (0h:10m:59s left)
Log-likelihood cutoff on original alignment: -132860.944
NOTE: Bootstrap correlation coefficient of split occurrence frequencies: 0.943
NOTE: UFBoot does not converge, continue at least 100 more iterations
Iteration 810 / LogL: -132615.461 / Time: 3h:21m:35s (0h:22m:25s left)
Iteration 820 / LogL: -132573.220 / Time: 3h:23m:55s (0h:19m:55s left)
Iteration 830 / LogL: -132475.279 / Time: 3h:26m:23s (0h:17m:25s left)
Iteration 840 / LogL: -132896.718 / Time: 3h:29m:5s (0h:14m:57s left)
Iteration 850 / LogL: -132536.446 / Time: 3h:31m:18s (0h:12m:26s left)
Log-likelihood cutoff on original alignment: -132860.944
Iteration 860 / LogL: -132934.124 / Time: 3h:33m:43s (0h:9m:57s left)
Iteration 870 / LogL: -133045.809 / Time: 3h:36m:6s (0h:7m:27s left)
Iteration 880 / LogL: -132928.109 / Time: 3h:38m:18s (0h:4m:58s left)
Iteration 890 / LogL: -132681.754 / Time: 3h:40m:45s (0h:2m:28s left)
Iteration 900 / LogL: -132586.482 / Time: 3h:42m:53s (0h:0m:0s left)
Log-likelihood cutoff on original alignment: -132860.944
NOTE: Bootstrap correlation coefficient of split occurrence frequencies: 0.961
NOTE: UFBoot does not converge, continue at least 100 more iterations
Iteration 910 / LogL: -132691.748 / Time: 3h:45m:20s (0h:22m:18s left)
Iteration 920 / LogL: -132740.121 / Time: 3h:47m:59s (0h:19m:50s left)
Iteration 930 / LogL: -132733.546 / Time: 3h:50m:16s (0h:17m:21s left)
Iteration 940 / LogL: -132697.137 / Time: 3h:52m:36s (0h:14m:51s left)
Iteration 950 / LogL: -132498.113 / Time: 3h:55m:4s (0h:12m:23s left)
Log-likelihood cutoff on original alignment: -132860.944
Iteration 960 / LogL: -132713.018 / Time: 3h:57m:29s (0h:9m:54s left)
Iteration 970 / LogL: -132580.423 / Time: 3h:59m:59s (0h:7m:25s left)
Iteration 980 / LogL: -132576.333 / Time: 4h:2m:25s (0h:4m:57s left)
Iteration 990 / LogL: -133023.006 / Time: 4h:4m:48s (0h:2m:28s left)
Iteration 1000 / LogL: -132595.855 / Time: 4h:7m:31s (0h:0m:0s left)
Log-likelihood cutoff on original alignment: -132860.944
NOTE: Bootstrap correlation coefficient of split occurrence frequencies: 0.955
NOTE: UFBoot does not converge, continue at least 100 more iterations
WARNING: bootstrap analysis did not converge. You should rerun with higher number of iterations (-nm option)
TREE SEARCH COMPLETED AFTER 1001 ITERATIONS / Time: 4h:7m:46s

--------------------------------------------------------------------
|                    FINALIZING TREE SEARCH                        |
--------------------------------------------------------------------
Performs final model parameters optimization
Estimate model parameters (epsilon = 0.010)
1. Initial log-likelihood: -132425.327
Optimal log-likelihood: -132425.324
Rate parameters:  A-C: 0.83012  A-G: 2.34142  A-T: 0.67597  C-G: 0.71351  C-T: 2.34142  G-T: 1.00000
Base frequencies:  A: 0.163  C: 0.339  G: 0.334  T: 0.164
Site proportion and rates:  (0.987,0.446) (0.008,10.764) (0.002,43.042) (0.001,100.011) (0.000,188.609) (0.001,193.721)
Parameters optimization took 1 rounds (2.298 sec)
BEST SCORE FOUND : -132425.324
Creating bootstrap support values...
Split supports printed to NEXUS file mbov_align.splits.nex
Total tree length: 0.333

Total number of iterations: 1001
CPU time used for tree search: 81504.814 sec (22h:38m:24s)
Wall-clock time used for tree search: 14803.709 sec (4h:6m:43s)
Total CPU time used: 81983.819 sec (22h:46m:23s)
Total wall-clock time used: 14872.523 sec (4h:7m:52s)

Computing bootstrap consensus tree...
Reading input file mbov_align.splits.nex...
701 taxa and 4336 splits.
Consensus tree written to mbov_align.contree
Reading input trees file mbov_align.contree
Log-likelihood of consensus tree: -132403.609

Analysis results written to: 
  IQ-TREE report:                mbov_align.iqtree
  Maximum-likelihood tree:       mbov_align.treefile
  Likelihood distances:          mbov_align.mldist

Ultrafast bootstrap approximation results written to:
  Split support values:          mbov_align.splits.nex
  Consensus tree:                mbov_align.contree
  Screen log file:               mbov_align.log

Date and Time: Wed Aug 18 21:23:14 2021
